<?xml version="1.0" encoding="UTF-8"?>
<!-- Generated by org.testng.reporters.JUnitReportReporter -->
<testsuite skipped="0" hostname="DESKTOP-L9ARF1I" name="qaautomation.november2021.CommonPageTest" tests="1" failures="0" timestamp="05 Dec 2021 04:25:45 GMT" time="72.048" errors="0">
  <testcase name="testSwitchingFacebook" time="72.048" classname="qaautomation.november2021.CommonPageTest"/>
</testsuite> <!-- qaautomation.november2021.CommonPageTest -->
