<?xml version="1.0" encoding="UTF-8"?>
<!-- Generated by org.testng.reporters.JUnitReportReporter -->
<testsuite skipped="0" hostname="DESKTOP-L9ARF1I" name="qaautomation.november2021.AppTestAssertContains" tests="1" failures="0" timestamp="05 Dec 2021 04:02:51 GMT" time="39.255" errors="0">
  <testcase name="testDrivenMethod" time="39.255" classname="qaautomation.november2021.AppTestAssertContains"/>
</testsuite> <!-- qaautomation.november2021.AppTestAssertContains -->
