<?xml version="1.0" encoding="UTF-8"?>
<!-- Generated by org.testng.reporters.JUnitReportReporter -->
<testsuite skipped="0" hostname="DESKTOP-L9ARF1I" name="qaautomation.november2021.SeleniumHeadless" tests="1" failures="0" timestamp="11 Dec 2021 02:36:26 GMT" time="44.363" errors="0">
  <testcase name="testHeadless" time="44.363" classname="qaautomation.november2021.SeleniumHeadless"/>
</testsuite> <!-- qaautomation.november2021.SeleniumHeadless -->
