<?xml version="1.0" encoding="UTF-8"?>
<!-- Generated by org.testng.reporters.JUnitReportReporter -->
<testsuite skipped="0" hostname="DESKTOP-L9ARF1I" name="qaautomation.november2021.AppTest" tests="1" failures="0" timestamp="05 Dec 2021 03:33:34 GMT" time="80.020" errors="0">
  <testcase name="test1" time="80.020" classname="qaautomation.november2021.AppTest"/>
</testsuite> <!-- qaautomation.november2021.AppTest -->
