<?xml version="1.0" encoding="UTF-8"?>
<!-- Generated by org.testng.reporters.JUnitReportReporter -->
<testsuite skipped="0" hostname="DESKTOP-L9ARF1I" name="qaautomation.november2021.APITest" tests="1" failures="0" timestamp="11 Dec 2021 04:26:55 GMT" time="14.700" errors="0">
  <testcase name="testLoginAPI" time="14.700" classname="qaautomation.november2021.APITest"/>
</testsuite> <!-- qaautomation.november2021.APITest -->
