<?xml version="1.0" encoding="UTF-8"?>
<!-- Generated by org.testng.reporters.JUnitReportReporter -->
<testsuite skipped="0" hostname="DESKTOP-L9ARF1I" name="qaautomation.november2021.APITestAfterRefactor" tests="2" failures="0" timestamp="12 Dec 2021 03:55:52 GMT" time="22.028" errors="0">
  <testcase name="dashboardAPI" time="17.700" classname="qaautomation.november2021.APITestAfterRefactor"/>
  <testcase name="configAPI" time="4.328" classname="qaautomation.november2021.APITestAfterRefactor"/>
</testsuite> <!-- qaautomation.november2021.APITestAfterRefactor -->
